[debug] [2024-09-08T01:07:08.119Z] ----------------------------------------------------------------------
[debug] [2024-09-08T01:07:08.123Z] Command:       C:\Program Files\nodejs\node.exe C:\Users\rspma\AppData\Roaming\npm\node_modules\firebase-tools\lib\bin\firebase.js init
[debug] [2024-09-08T01:07:08.124Z] CLI Version:   13.16.0
[debug] [2024-09-08T01:07:08.124Z] Platform:      win32
[debug] [2024-09-08T01:07:08.124Z] Node Version:  v20.17.0
[debug] [2024-09-08T01:07:08.124Z] Time:          Sun Sep 08 2024 06:37:08 GMT+0530 (India Standard Time)
[debug] [2024-09-08T01:07:08.125Z] ----------------------------------------------------------------------
[debug] 
[debug] [2024-09-08T01:07:08.230Z] Object "" in "firebase.json" has unknown property: {"additionalProperty":"comment"}
[debug] [2024-09-08T01:07:08.235Z] > command requires scopes: ["email","openid","https://www.googleapis.com/auth/cloudplatformprojects.readonly","https://www.googleapis.com/auth/firebase","https://www.googleapis.com/auth/cloud-platform"]
[debug] [2024-09-08T01:07:08.236Z] > authorizing via signed-in user (rspmanas1@gmail.com)
[debug] [2024-09-08T01:07:08.237Z] Object "" in "firebase.json" has unknown property: {"additionalProperty":"comment"}
[info] 
     ######## #### ########  ######## ########     ###     ######  ########
     ##        ##  ##     ## ##       ##     ##  ##   ##  ##       ##
     ######    ##  ########  ######   ########  #########  ######  ######
     ##        ##  ##    ##  ##       ##     ## ##     ##       ## ##
     ##       #### ##     ## ######## ########  ##     ##  ######  ########

You're about to initialize a Firebase project in this directory:

  C:\Users\rspma\Documents\Github-manas\make-my-menu\apps\landing-page

Before we get started, keep in mind:

  * You are initializing within an existing Firebase project directory

